TN:
SF:/Users/kristensullivan/coding-challenges/exercises/3sum-unique-triplets/index.js
FN:1,(anonymous_0)
FN:3,(anonymous_1)
FNF:2
FNH:2
FNDA:1,(anonymous_0)
FNDA:12,(anonymous_1)
DA:1,1
DA:2,1
DA:3,12
DA:6,1
DA:8,5
DA:9,5
DA:10,5
DA:11,1
DA:13,4
DA:15,3
DA:16,7
DA:18,7
DA:19,4
DA:20,3
DA:21,1
DA:23,2
DA:24,2
DA:25,2
DA:26,2
DA:27,2
DA:36,1
LF:21
LH:21
BRDA:10,0,0,1
BRDA:10,0,1,4
BRDA:13,1,0,1
BRDA:13,1,1,3
BRDA:13,2,0,4
BRDA:13,2,1,3
BRDA:18,3,0,4
BRDA:18,3,1,3
BRDA:20,4,0,1
BRDA:20,4,1,2
BRF:10
BRH:10
end_of_record
TN:
SF:/Users/kristensullivan/coding-challenges/exercises/DivideAndConquerPattern/searchForValue/index.js
FN:1,(anonymous_0)
FNF:1
FNH:1
FNDA:2,(anonymous_0)
DA:1,1
DA:4,2
DA:5,2
DA:6,2
DA:7,6
DA:8,6
DA:9,4
DA:10,2
DA:11,1
DA:13,1
DA:16,1
DA:19,1
LF:12
LH:12
BRDA:8,0,0,4
BRDA:8,0,1,2
BRDA:10,1,0,1
BRDA:10,1,1,1
BRF:4
BRH:4
end_of_record
TN:
SF:/Users/kristensullivan/coding-challenges/exercises/FrequencyCounterPattern/areThereDuplicates/index.js
FN:1,(anonymous_0)
FNF:1
FNH:1
FNDA:4,(anonymous_0)
DA:1,1
DA:2,4
DA:4,4
DA:6,4
DA:10,12
DA:11,2
DA:14,10
DA:20,2
DA:29,1
DA:30,1
LF:10
LH:10
BRDA:10,0,0,2
BRDA:10,0,1,10
BRF:2
BRH:2
end_of_record
TN:
SF:/Users/kristensullivan/coding-challenges/exercises/FrequencyCounterPattern/same/index.js
FN:15,(anonymous_0)
FNF:1
FNH:1
FNDA:6,(anonymous_0)
DA:15,1
DA:17,6
DA:19,2
DA:22,4
DA:23,4
DA:26,4
DA:28,11
DA:30,1
DA:33,10
DA:37,4
DA:39,11
DA:41,1
DA:44,10
DA:53,4
DA:55,9
DA:56,1
DA:58,8
DA:59,1
DA:63,2
DA:68,1
LF:20
LH:20
BRDA:17,0,0,2
BRDA:17,0,1,4
BRDA:28,1,0,1
BRDA:28,1,1,10
BRDA:39,2,0,1
BRDA:39,2,1,10
BRDA:55,3,0,1
BRDA:55,3,1,8
BRDA:58,4,0,1
BRDA:58,4,1,7
BRF:10
BRH:10
end_of_record
TN:
SF:/Users/kristensullivan/coding-challenges/exercises/FrequencyCounterPattern/sameFrequency/index.js
FN:1,(anonymous_0)
FNF:1
FNH:1
FNDA:6,(anonymous_0)
DA:1,1
DA:5,6
DA:6,6
DA:9,6
DA:11,1
DA:14,5
DA:15,5
DA:17,5
DA:20,18
DA:21,4
DA:24,14
DA:29,5
DA:31,18
DA:32,3
DA:35,15
DA:41,5
DA:43,12
DA:45,2
DA:48,10
DA:50,1
DA:55,2
DA:58,1
DA:60,1
LF:23
LH:23
BRDA:9,0,0,1
BRDA:9,0,1,5
BRDA:20,1,0,4
BRDA:20,1,1,14
BRDA:31,2,0,3
BRDA:31,2,1,15
BRDA:43,3,0,2
BRDA:43,3,1,10
BRDA:48,4,0,1
BRDA:48,4,1,9
BRF:10
BRH:10
end_of_record
TN:
SF:/Users/kristensullivan/coding-challenges/exercises/FrequencyCounterPattern/validAnagram/index.js
FN:16,(anonymous_0)
FNF:1
FNH:1
FNDA:7,(anonymous_0)
DA:16,1
DA:19,7
DA:21,1
DA:25,6
DA:28,6
DA:30,32
DA:32,9
DA:35,23
DA:40,6
DA:42,29
DA:44,2
DA:47,27
DA:52,4
DA:55,1
LF:14
LH:14
BRDA:19,0,0,1
BRDA:19,0,1,6
BRDA:30,1,0,9
BRDA:30,1,1,23
BRDA:42,2,0,2
BRDA:42,2,1,27
BRF:6
BRH:6
end_of_record
TN:
SF:/Users/kristensullivan/coding-challenges/exercises/MultiplePointersPattern/countUniqueValues/index.js
FN:2,(anonymous_0)
FNF:1
FNH:1
FNDA:6,(anonymous_0)
DA:2,1
DA:3,6
DA:4,1
DA:6,5
DA:7,5
DA:8,23
DA:9,13
DA:10,13
DA:13,5
DA:16,1
DA:17,1
LF:11
LH:11
BRDA:3,0,0,1
BRDA:3,0,1,5
BRDA:8,1,0,13
BRDA:8,1,1,10
BRF:4
BRH:4
end_of_record
TN:
SF:/Users/kristensullivan/coding-challenges/exercises/MultiplePointersPattern/sumZero/index.js
FN:6,(anonymous_0)
FNF:1
FNH:1
FNDA:3,(anonymous_0)
DA:6,1
DA:11,3
DA:12,3
DA:13,3
DA:14,6
DA:15,6
DA:16,1
DA:17,5
DA:18,4
DA:20,1
DA:25,1
LF:11
LH:11
BRDA:15,0,0,1
BRDA:15,0,1,5
BRDA:17,1,0,4
BRDA:17,1,1,1
BRF:4
BRH:4
end_of_record
TN:
SF:/Users/kristensullivan/coding-challenges/exercises/Recursion/HelperMethodRecursion/collectOddValues/index.js
FN:23,(anonymous_0)
FNF:1
FNH:1
FNDA:10,(anonymous_0)
DA:23,1
DA:24,10
DA:26,10
DA:27,2
DA:30,8
DA:31,4
DA:34,8
DA:35,8
DA:38,1
LF:9
LH:9
BRDA:26,0,0,2
BRDA:26,0,1,8
BRDA:30,1,0,4
BRDA:30,1,1,4
BRF:4
BRH:4
end_of_record
TN:
SF:/Users/kristensullivan/coding-challenges/exercises/Recursion/countdown/index.js
FN:3,(anonymous_0)
FNF:1
FNH:1
FNDA:21,(anonymous_0)
DA:3,1
DA:4,21
DA:5,4
DA:7,17
DA:10,1
DA:12,1
LF:6
LH:6
BRDA:4,0,0,4
BRDA:4,0,1,17
BRF:2
BRH:2
end_of_record
TN:
SF:/Users/kristensullivan/coding-challenges/exercises/Recursion/factorial/index.js
FN:3,(anonymous_0)
FNF:1
FNH:1
FNDA:34,(anonymous_0)
DA:3,1
DA:5,34
DA:6,2
DA:8,32
DA:9,1
DA:11,31
DA:18,1
LF:7
LH:7
BRDA:5,0,0,2
BRDA:5,0,1,32
BRDA:8,1,0,1
BRDA:8,1,1,31
BRF:4
BRH:4
end_of_record
TN:
SF:/Users/kristensullivan/coding-challenges/exercises/Recursion/sumRange/index.js
FN:1,(anonymous_0)
FNF:1
FNH:1
FNDA:10,(anonymous_0)
DA:1,1
DA:2,10
DA:3,9
DA:7,1
DA:9,1
LF:5
LH:5
BRDA:2,0,0,1
BRDA:2,0,1,9
BRF:2
BRH:2
end_of_record
TN:
SF:/Users/kristensullivan/coding-challenges/exercises/SlidingWindowPattern/maxSubarraySum/index.js
FN:2,(anonymous_0)
FNF:1
FNH:1
FNDA:6,(anonymous_0)
DA:2,1
DA:3,6
DA:4,1
DA:6,5
DA:7,5
DA:9,5
DA:10,15
DA:12,5
DA:13,5
DA:14,108
DA:15,108
DA:17,5
DA:31,1
LF:13
LH:13
BRDA:3,0,0,1
BRDA:3,0,1,5
BRF:2
BRH:2
end_of_record
TN:
SF:/Users/kristensullivan/coding-challenges/exercises/groupAnagrams/index.js
FN:1,(anonymous_0)
FNF:1
FNH:1
FNDA:2,(anonymous_0)
DA:1,1
DA:2,2
DA:5,2
DA:6,6
DA:7,6
DA:9,6
DA:10,6
DA:12,14
DA:13,6
DA:14,6
DA:15,6
DA:18,6
DA:21,2
DA:22,2
DA:30,1
DA:32,1
LF:16
LH:16
BRDA:12,0,0,6
BRDA:12,0,1,8
BRF:2
BRH:2
end_of_record
TN:
SF:/Users/kristensullivan/coding-challenges/exercises/setMatrixZeroes/index.js
FN:1,(anonymous_0)
FNF:1
FNH:1
FNDA:1,(anonymous_0)
DA:1,1
DA:3,1
DA:5,1
DA:6,3
DA:8,12
DA:9,2
DA:15,1
DA:17,2
DA:18,2
DA:20,8
DA:21,8
DA:23,2
DA:24,2
DA:26,6
DA:27,6
DA:30,1
DA:34,1
DA:42,1
LF:18
LH:18
BRDA:8,0,0,2
BRDA:8,0,1,10
BRF:2
BRH:2
end_of_record
TN:
SF:/Users/kristensullivan/coding-challenges/exercises/sumNumbersToN/index.js
FN:1,addUpTo1
FN:9,addUpTo2
FNF:2
FNH:2
FNDA:2,addUpTo1
FNDA:2,addUpTo2
DA:2,2
DA:3,2
DA:4,12
DA:6,2
DA:10,2
DA:13,1
DA:15,1
DA:17,1
DA:18,1
LF:9
LH:9
BRF:0
BRH:0
end_of_record
